<?xml version="1.0" encoding="UTF-8"?>
<testsuite xmlns:xsi="http://www.w3.org/2001/XMLSchema-instance" xsi:noNamespaceSchemaLocation="https://maven.apache.org/surefire/maven-surefire-plugin/xsd/surefire-test-report.xsd" version="3.0.2" name="com.brixo.slidehub.state.StateServiceApplicationTests" time="17.642" tests="1" errors="0" skipped="0" failures="0">
  <properties>
[...]
</properties>
  <testcase name="contextLoads" classname="com.brixo.slidehub.state.StateServiceApplicationTests" time="2.597">
    <system-out><![CDATA[10:55:15.712 [main] INFO org.springframework.test.context.support.AnnotationConfigContextLoaderUtils -- Could not detect default configuration classes for test class [com.brixo.slidehub.state.StateServiceApplicationTests]: StateServiceApplicationTests does not declare any static, non-private, non-final, nested classes annotated with @Configuration.
10:55:16.144 [main] INFO org.springframework.boot.test.context.SpringBootTestContextBootstrapper -- Found @SpringBootConfiguration com.brixo.slidehub.state.StateServiceApplication for test class com.brixo.slidehub.state.StateServiceApplicationTests
10:55:16.837 [main] INFO org.springframework.boot.devtools.restart.RestartApplicationListener -- Restart disabled due to context in which it is running

  .   ____          _            __ _ _
 /\\ / ___'_ __ _ _(_)_ __  __ _ \ \ \ \
( ( )\___ | '_ | '_| | '_ \/ _` | \ \ \ \
 \\/  ___)| |_)| | | | | || (_| |  ) ) ) )
  '  |____| .__|_| |_|_| |_\__, | / / / /
 =========|_|==============|___/=/_/_/_/

 :: Spring Boot ::                (v4.0.3)

2026-03-01T10:55:17.835-05:00  INFO 3089901 --- [state-service] [           main] c.b.s.s.StateServiceApplicationTests     : Starting StateServiceApplicationTests using Java 21.0.10 with PID 3089901 (started by mike in /home/mike/dev/learning/SlideHub/state-service)
2026-03-01T10:55:17.841-05:00  INFO 3089901 --- [state-service] [           main] c.b.s.s.StateServiceApplicationTests     : No active profile set, falling back to 1 default profile: "default"
2026-03-01T10:55:21.515-05:00  INFO 3089901 --- [state-service] [           main] .s.d.r.c.RepositoryConfigurationDelegate : Multiple Spring Data modules found, entering strict repository configuration mode
2026-03-01T10:55:21.525-05:00  INFO 3089901 --- [state-service] [           main] .s.d.r.c.RepositoryConfigurationDelegate : Bootstrapping Spring Data Redis repositories in DEFAULT mode.
2026-03-01T10:55:21.630-05:00  INFO 3089901 --- [state-service] [           main] .s.d.r.c.RepositoryConfigurationDelegate : Finished Spring Data repository scanning in 47 ms. Found 0 Redis repository interfaces.
2026-03-01T10:55:29.487-05:00  INFO 3089901 --- [state-service] [           main] o.s.b.a.e.web.EndpointLinksResolver      : Exposing 2 endpoints beneath base path '/actuator'
2026-03-01T10:55:29.706-05:00  INFO 3089901 --- [state-service] [           main] c.b.s.s.StateServiceApplicationTests     : Started StateServiceApplicationTests in 12.918 seconds (process running for 16.559)
]]></system-out>
    <system-err><![CDATA[Mockito is currently self-attaching to enable the inline-mock-maker. This will no longer work in future releases of the JDK. Please add Mockito as an agent to your build as described in Mockito's documentation: https://javadoc.io/doc/org.mockito/mockito-core/latest/org.mockito/org/mockito/Mockito.html#0.3
WARNING: A Java agent has been loaded dynamically (/home/mike/.m2/repository/net/bytebuddy/byte-buddy-agent/1.17.8/byte-buddy-agent-1.17.8.jar)
WARNING: If a serviceability tool is in use, please run with -XX:+EnableDynamicAgentLoading to hide this warning
WARNING: If a serviceability tool is not in use, please run with -Djdk.instrument.traceUsage for more information
WARNING: Dynamic loading of agents will be disallowed by default in a future release
]]></system-err>
  </testcase>
</testsuite>